TN:
SF:src/components/Card/index.tsx
FN:31,(anonymous_0)
FNF:1
FNH:1
FNDA:1,(anonymous_0)
DA:25,1
DA:31,1
DA:32,1
DA:34,1
LF:4
LH:4
BRF:0
BRH:0
end_of_record
TN:
SF:src/components/Forms/CategorySelectButton/index.tsx
FN:14,CategorySelectButton
FNF:1
FNH:0
FNDA:0,CategorySelectButton
DA:15,0
LF:1
LH:0
BRF:0
BRH:0
end_of_record
TN:
SF:src/components/Forms/InputForm/index.tsx
FN:14,InputForm
FN:19,(anonymous_1)
FNF:2
FNH:0
FNDA:0,InputForm
FNDA:0,(anonymous_1)
DA:15,0
DA:20,0
LF:2
LH:0
BRDA:28,0,0,0
BRDA:28,0,1,0
BRF:2
BRH:0
end_of_record
TN:
SF:src/components/Forms/MyButton/index.tsx
FN:10,(anonymous_0)
FNF:1
FNH:0
FNDA:0,(anonymous_0)
DA:10,0
DA:11,0
LF:2
LH:0
BRF:0
BRH:0
end_of_record
TN:
SF:src/components/Forms/MyInput/index.tsx
FN:10,(anonymous_0)
FNF:1
FNH:0
FNDA:0,(anonymous_0)
DA:10,0
DA:11,0
LF:2
LH:0
BRF:0
BRH:0
end_of_record
TN:
SF:src/components/Forms/TransactionTypeButton/index.tsx
FN:19,(anonymous_0)
FNF:1
FNH:0
FNDA:0,(anonymous_0)
DA:7,0
DA:19,0
DA:20,0
LF:3
LH:0
BRF:0
BRH:0
end_of_record
TN:
SF:src/components/HistoryCard/index.tsx
FN:15,HistoryCard
FNF:1
FNH:0
FNDA:0,HistoryCard
DA:20,0
LF:1
LH:0
BRF:0
BRH:0
end_of_record
TN:
SF:src/components/SocialButton/index.tsx
FN:13,SocialButton
FNF:1
FNH:0
FNDA:0,SocialButton
DA:14,0
LF:1
LH:0
BRF:0
BRH:0
end_of_record
TN:
SF:src/components/TransactionCard/index.tsx
FN:35,(anonymous_0)
FN:38,(anonymous_1)
FNF:2
FNH:0
FNDA:0,(anonymous_0)
FNDA:0,(anonymous_1)
DA:35,0
DA:36,0
DA:38,0
DA:40,0
LF:4
LH:0
BRDA:45,0,0,0
BRDA:45,0,1,0
BRF:2
BRH:0
end_of_record
TN:
SF:src/hooks/AuthContext.tsx
FN:41,(anonymous_0)
FN:43,(anonymous_1)
FN:51,(anonymous_2)
FN:52,loadData
FN:65,saveGoogleUser
FN:77,signInWithGoogle
FN:120,useAuth
FNF:7
FNH:5
FNDA:2,(anonymous_0)
FNDA:0,(anonymous_1)
FNDA:1,(anonymous_2)
FNDA:1,loadData
FNDA:0,saveGoogleUser
FNDA:1,signInWithGoogle
FNDA:2,useAuth
DA:37,1
DA:39,1
DA:41,1
DA:43,2
DA:44,0
DA:46,0
DA:49,2
DA:51,2
DA:53,1
DA:54,1
DA:56,1
DA:61,1
DA:66,0
DA:67,0
DA:69,0
DA:73,0
DA:78,1
DA:79,1
DA:80,1
DA:84,1
DA:90,1
DA:91,0
DA:95,0
DA:99,0
DA:106,0
DA:109,0
DA:113,2
DA:121,2
DA:123,2
LF:29
LH:18
BRDA:54,0,0,0
BRDA:54,0,1,1
BRDA:90,1,0,0
BRDA:90,1,1,1
BRF:4
BRH:2
end_of_record
TN:
SF:src/hooks/TransactionsContext.tsx
FNF:0
FNH:0
LF:0
LH:0
BRF:0
BRH:0
end_of_record
TN:
SF:src/hooks/index.tsx
FN:4,(anonymous_0)
FNF:1
FNH:0
FNDA:0,(anonymous_0)
DA:4,0
DA:5,0
LF:2
LH:0
BRF:0
BRH:0
end_of_record
TN:
SF:src/routes/app.routes.tsx
FN:14,AppRoutes
FN:34,(anonymous_1)
FN:47,(anonymous_2)
FN:60,(anonymous_3)
FNF:4
FNH:0
FNDA:0,AppRoutes
FNDA:0,(anonymous_1)
FNDA:0,(anonymous_2)
FNDA:0,(anonymous_3)
DA:12,0
DA:15,0
DA:35,0
DA:48,0
DA:61,0
LF:5
LH:0
BRDA:22,0,0,0
BRDA:22,0,1,0
BRF:2
BRH:0
end_of_record
TN:
SF:src/routes/auth.routes.tsx
FN:14,AuthRoutes
FNF:1
FNH:0
FNDA:0,AuthRoutes
DA:10,0
DA:15,0
LF:2
LH:0
BRF:0
BRH:0
end_of_record
TN:
SF:src/routes/index.tsx
FN:7,Routes
FNF:1
FNH:0
FNDA:0,Routes
DA:8,0
DA:10,0
DA:12,0
LF:3
LH:0
BRDA:14,0,0,0
BRDA:14,0,1,0
BRF:2
BRH:0
end_of_record
TN:
SF:src/screens/CategorySelect/index.tsx
FN:30,(anonymous_0)
FN:38,handleCategorySelect
FN:52,(anonymous_2)
FN:53,(anonymous_3)
FN:55,(anonymous_4)
FN:64,(anonymous_5)
FNF:6
FNH:0
FNDA:0,(anonymous_0)
FNDA:0,handleCategorySelect
FNDA:0,(anonymous_2)
FNDA:0,(anonymous_3)
FNDA:0,(anonymous_4)
FNDA:0,(anonymous_5)
DA:30,0
DA:39,0
DA:43,0
DA:52,0
DA:54,0
DA:55,0
DA:64,0
LF:7
LH:0
BRF:0
BRH:0
end_of_record
TN:
SF:src/screens/DashBoard/index.tsx
FN:46,(anonymous_0)
FN:54,(anonymous_1)
FN:64,getLastTransacionDate
FN:72,(anonymous_3)
FN:73,(anonymous_4)
FN:92,loadTransactions
FN:102,(anonymous_6)
FN:181,(anonymous_7)
FN:183,(anonymous_8)
FN:184,(anonymous_9)
FN:190,(anonymous_10)
FN:195,(anonymous_11)
FN:259,(anonymous_12)
FN:260,(anonymous_13)
FN:262,(anonymous_14)
FNF:15
FNH:0
FNDA:0,(anonymous_0)
FNDA:0,(anonymous_1)
FNDA:0,getLastTransacionDate
FNDA:0,(anonymous_3)
FNDA:0,(anonymous_4)
FNDA:0,loadTransactions
FNDA:0,(anonymous_6)
FNDA:0,(anonymous_7)
FNDA:0,(anonymous_8)
FNDA:0,(anonymous_9)
FNDA:0,(anonymous_10)
FNDA:0,(anonymous_11)
FNDA:0,(anonymous_12)
FNDA:0,(anonymous_13)
FNDA:0,(anonymous_14)
DA:46,0
DA:47,0
DA:49,0
DA:50,0
DA:51,0
DA:52,0
DA:54,0
DA:55,0
DA:58,0
DA:62,0
DA:68,0
DA:72,0
DA:74,0
DA:79,0
DA:80,0
DA:83,0
DA:89,0
DA:90,0
DA:93,0
DA:94,0
DA:96,0
DA:98,0
DA:101,0
DA:103,0
DA:104,0
DA:106,0
DA:109,0
DA:118,0
DA:124,0
DA:135,0
DA:137,0
DA:141,0
DA:145,0
DA:147,0
DA:149,0
DA:151,0
DA:175,0
DA:177,0
DA:181,0
DA:183,0
DA:184,0
DA:186,0
DA:188,0
DA:190,0
DA:191,0
DA:194,0
DA:196,0
DA:200,0
DA:259,0
DA:261,0
DA:263,0
LF:51
LH:0
BRDA:79,0,0,0
BRDA:79,0,1,0
BRDA:96,1,0,0
BRDA:96,1,1,0
BRDA:103,2,0,0
BRDA:103,2,1,0
BRDA:202,3,0,0
BRDA:202,3,1,0
BRF:8
BRH:0
end_of_record
TN:
SF:src/screens/Register/index.tsx
FN:52,(anonymous_0)
FN:59,(anonymous_1)
FN:72,handleOpenSelectCategoryModal
FN:76,handleCloseSelectCategoryModal
FN:90,handleRegister
FN:132,(anonymous_5)
FN:133,loadData
FN:187,(anonymous_7)
FN:200,(anonymous_8)
FNF:9
FNH:0
FNDA:0,(anonymous_0)
FNDA:0,(anonymous_1)
FNDA:0,handleOpenSelectCategoryModal
FNDA:0,handleCloseSelectCategoryModal
FNDA:0,handleRegister
FNDA:0,(anonymous_5)
FNDA:0,loadData
FNDA:0,(anonymous_7)
FNDA:0,(anonymous_8)
DA:40,0
DA:52,0
DA:53,0
DA:55,0
DA:57,0
DA:59,0
DA:62,0
DA:65,0
DA:67,0
DA:73,0
DA:77,0
DA:80,0
DA:88,0
DA:91,0
DA:92,0
DA:95,0
DA:96,0
DA:99,0
DA:101,0
DA:110,0
DA:111,0
DA:112,0
DA:114,0
DA:116,0
DA:118,0
DA:121,0
DA:122,0
DA:123,0
DA:125,0
DA:127,0
DA:128,0
DA:132,0
DA:134,0
DA:135,0
DA:140,0
DA:143,0
DA:188,0
DA:201,0
LF:38
LH:0
BRDA:91,0,0,0
BRDA:91,0,1,0
BRDA:95,1,0,0
BRDA:95,1,1,0
BRDA:112,2,0,0
BRDA:112,2,1,0
BRDA:159,3,0,0
BRDA:159,3,1,0
BRDA:167,4,0,0
BRDA:167,4,1,0
BRDA:176,5,0,0
BRDA:176,5,1,0
BRF:12
BRH:0
end_of_record
TN:
SF:src/screens/Resume/index.tsx
FN:48,Resume
FN:63,handleDateChange
FN:72,loadData
FN:79,(anonymous_3)
FN:88,(anonymous_4)
FN:96,(anonymous_5)
FN:99,(anonymous_6)
FN:133,(anonymous_7)
FN:161,(anonymous_8)
FN:174,(anonymous_9)
FN:184,(anonymous_10)
FN:198,(anonymous_11)
FNF:12
FNH:0
FNDA:0,Resume
FNDA:0,handleDateChange
FNDA:0,loadData
FNDA:0,(anonymous_3)
FNDA:0,(anonymous_4)
FNDA:0,(anonymous_5)
FNDA:0,(anonymous_6)
FNDA:0,(anonymous_7)
FNDA:0,(anonymous_8)
FNDA:0,(anonymous_9)
FNDA:0,(anonymous_10)
FNDA:0,(anonymous_11)
DA:50,0
DA:52,0
DA:53,0
DA:54,0
DA:58,0
DA:61,0
DA:65,0
DA:66,0
DA:68,0
DA:73,0
DA:75,0
DA:76,0
DA:78,0
DA:80,0
DA:87,0
DA:89,0
DA:94,0
DA:96,0
DA:97,0
DA:99,0
DA:100,0
DA:101,0
DA:105,0
DA:106,0
DA:111,0
DA:116,0
DA:127,0
DA:128,0
DA:132,0
DA:134,0
DA:138,0
DA:161,0
DA:174,0
DA:184,0
DA:199,0
LF:35
LH:0
BRDA:65,0,0,0
BRDA:65,0,1,0
BRDA:76,1,0,0
BRDA:76,1,1,0
BRDA:80,2,0,0
BRDA:80,2,1,0
BRDA:80,2,2,0
BRDA:100,3,0,0
BRDA:100,3,1,0
BRDA:105,4,0,0
BRDA:105,4,1,0
BRDA:144,5,0,0
BRDA:144,5,1,0
BRF:13
BRH:0
end_of_record
TN:
SF:src/screens/SignIn/index.tsx
FN:24,SignIn
FN:27,handleSignInWithGoogle
FNF:2
FNH:0
FNDA:0,SignIn
FNDA:0,handleSignInWithGoogle
DA:25,0
DA:28,0
DA:29,0
DA:31,0
DA:35,0
LF:5
LH:0
BRF:0
BRH:0
end_of_record
